#
# There is insufficient memory for the Java Runtime Environment to continue.
# Native memory allocation (malloc) failed to allocate 32744 bytes for ChunkPool::allocate
# Possible reasons:
#   The system is out of physical RAM or swap space
#   In 32 bit mode, the process size limit was hit
# Possible solutions:
#   Reduce memory load on the system
#   Increase physical memory or swap space
#   Check if swap backing store is full
#   Use 64 bit Java on a 64 bit OS
#   Decrease Java heap size (-Xmx/-Xms)
#   Decrease number of Java threads
#   Decrease Java thread stack sizes (-Xss)
#   Set larger code cache with -XX:ReservedCodeCacheSize=
# This output file may be truncated or incomplete.
#
#  Out of Memory Error (allocation.cpp:273), pid=8396, tid=0x0000000000001cc4
#
# JRE version: Java(TM) SE Runtime Environment (8.0_181-b13) (build 1.8.0_181-b13)
# Java VM: Java HotSpot(TM) 64-Bit Server VM (25.181-b13 mixed mode windows-amd64 compressed oops)
# Failed to write core dump. Minidumps are not enabled by default on client versions of Windows
#

---------------  T H R E A D  ---------------

Current thread (0x0000000058f99000):  JavaThread "C1 CompilerThread2" daemon [_thread_in_native, id=7364, stack(0x0000000059880000,0x0000000059980000)]

Stack: [0x0000000059880000,0x0000000059980000]
[error occurred during error reporting (printing stack bounds), id 0xc0000005]

Native frames: (J=compiled Java code, j=interpreted, Vv=VM code, C=native code)


Current CompileTask:
C1:    321   10 %     1       java.util.Properties$LineReader::readLine @ 21 (468 bytes)


---------------  P R O C E S S  ---------------

Java Threads: ( => current thread )
  0x0000000058f9f000 JavaThread "Service Thread" daemon [_thread_blocked, id=8444, stack(0x00000000599a0000,0x0000000059aa0000)]
=>0x0000000058f99000 JavaThread "C1 CompilerThread2" daemon [_thread_in_native, id=7364, stack(0x0000000059880000,0x0000000059980000)]
  0x0000000058f3e800 JavaThread "C2 CompilerThread1" daemon [_thread_blocked, id=7400, stack(0x0000000058a60000,0x0000000058b60000)]
  0x0000000058f24000 JavaThread "C2 CompilerThread0" daemon [_thread_blocked, id=7208, stack(0x0000000059680000,0x0000000059780000)]
  0x0000000058f03000 JavaThread "Monitor Ctrl-Break" daemon [_thread_in_native, id=4580, stack(0x00000000594b0000,0x00000000595b0000)]
  0x0000000058cc1800 JavaThread "Attach Listener" daemon [_thread_blocked, id=10908, stack(0x00000000592d0000,0x00000000593d0000)]
  0x0000000058cc0800 JavaThread "Signal Dispatcher" daemon [_thread_blocked, id=324, stack(0x0000000059130000,0x0000000059230000)]
  0x000000005784f000 JavaThread "Finalizer" daemon [_thread_blocked, id=4008, stack(0x0000000058bb0000,0x0000000058cb0000)]
  0x0000000057807800 JavaThread "Reference Handler" daemon [_thread_blocked, id=10260, stack(0x0000000058910000,0x0000000058a10000)]
  0x000000000247d000 JavaThread "main" [_thread_in_Java, id=8956, stack(0x00000000026c0000,0x00000000027c0000)]

Other Threads:
  0x00000000577ff800 VMThread [stack: 0x00000000586d0000,0x00000000587d0000] [id=7976]

VM state:not at safepoint (normal execution)

VM Mutex/Monitor currently owned by a thread:  ([mutex/lock_event])
[0x000000000247c480] MethodData_lock - owner thread: 0x0000000000000000

Heap:
 PSYoungGen      total 38400K, used 3330K [0x00000000d5d00000, 0x00000000d8780000, 0x0000000100000000)
  eden space 33280K, 10% used [0x00000000d5d00000,0x00000000d6040ba0,0x00000000d7d80000)
  from space 5120K, 0% used [0x00000000d8280000,0x00000000d8280000,0x00000000d8780000)
  to   space 5120K, 0% used [0x00000000d7d80000,0x00000000d7d80000,0x00000000d8280000)
 ParOldGen       total 87552K, used 0K [0x0000000081600000, 0x0000000086b80000, 0x00000000d5d00000)
  object space 87552K, 0% used [0x0000000081600000,0x0000000081600000,0x0000000086b80000)
 Metaspace       used 3505K, capacity 4494K, committed 4864K, reserved 1056768K
  class space    used 378K, capacity 386K, committed 512K, reserved 1048576K

Card table byte_map: [0x0000000011c80000,0x0000000012080000] byte_map_base: 0x0000000011875000

Marking Bits: (ParMarkBitMap*) 0x0000000062712d00
 Begin Bits: [0x0000000012b20000, 0x0000000014ac8000)
 End Bits:   [0x0000000014ac8000, 0x0000000016a70000)

Polling page: 0x0000000000330000

CodeCache: size=245760Kb used=1085Kb max_used=1085Kb free=244674Kb
 bounds [0x00000000028c0000, 0x0000000002b30000, 0x00000000118c0000]
 total_blobs=268 nmethods=9 adapters=173
 compilation: enabled

Compilation events (10 events):
Event: 0.291 Thread 0x0000000058f99000 nmethod 5 0x00000000029cd5d0 code [0x00000000029cd740, 0x00000000029cd8e8]
Event: 0.311 Thread 0x0000000058f99000    6       1       java.lang.System::getSecurityManager (4 bytes)
Event: 0.311 Thread 0x0000000058f99000 nmethod 6 0x00000000029cd9d0 code [0x00000000029cdb20, 0x00000000029cdc10]
Event: 0.312 Thread 0x0000000058f99000    7       1       java.lang.Object::<init> (1 bytes)
Event: 0.312 Thread 0x0000000058f99000 nmethod 7 0x00000000029ce310 code [0x00000000029ce460, 0x00000000029ce570]
Event: 0.312 Thread 0x0000000058f99000    8       1       java.lang.String::indexOf (7 bytes)
Event: 0.312 Thread 0x0000000058f99000 nmethod 8 0x00000000029cebd0 code [0x00000000029ced20, 0x00000000029cee48]
Event: 0.312 Thread 0x0000000058f99000    9       1       java.lang.String::indexOf (70 bytes)
Event: 0.312 Thread 0x0000000058f99000 nmethod 9 0x00000000029ceed0 code [0x00000000029cf040, 0x00000000029cf208]
Event: 0.319 Thread 0x0000000058f99000   10 %     1       java.util.Properties$LineReader::readLine @ 21 (468 bytes)

GC Heap History (0 events):
No events

Deoptimization events (0 events):
No events

Classes redefined (0 events):
No events

Internal exceptions (2 events):
Event: 0.094 Thread 0x000000000247d000 Exception <a 'java/lang/NoSuchMethodError': Method sun.misc.Unsafe.defineClass(Ljava/lang/String;[BII)Ljava/lang/Class; name or signature does not match> (0x00000000d5d07cb0) thrown at [C:\re\workspace\8-2-build-windows-amd64-cygwin\jdk8u181\11358\hotspot
Event: 0.094 Thread 0x000000000247d000 Exception <a 'java/lang/NoSuchMethodError': Method sun.misc.Unsafe.prefetchRead(Ljava/lang/Object;J)V name or signature does not match> (0x00000000d5d07f98) thrown at [C:\re\workspace\8-2-build-windows-amd64-cygwin\jdk8u181\11358\hotspot\src\share\vm\prim

Events (10 events):
Event: 0.313 loading class java/net/Socket$2 done
Event: 0.313 loading class java/net/SocketInputStream
Event: 0.313 loading class java/net/SocketInputStream done
Event: 0.314 loading class sun/nio/cs/US_ASCII$Decoder
Event: 0.314 loading class sun/nio/cs/US_ASCII$Decoder done
Event: 0.319 loading class sun/misc/VMSupport
Event: 0.319 loading class sun/misc/VMSupport done
Event: 0.320 loading class sun/management/jmxremote/ConnectorBootstrap
Event: 0.320 loading class sun/management/jmxremote/ConnectorBootstrap done
Event: 0.320 loading class com/sun/jmx/remote/util/ClassLogger


Dynamic libraries:
0x000000013fbe0000 - 0x000000013fc17000 	C:\Program Files\Java\jdk1.8.0_181\bin\java.exe
0x0000000077560000 - 0x0000000077709000 	C:\Windows\SYSTEM32\ntdll.dll
0x0000000077440000 - 0x000000007755f000 	C:\Windows\system32\kernel32.dll
0x000007fefd4f0000 - 0x000007fefd55b000 	C:\Windows\system32\KERNELBASE.dll
0x000007fefdb60000 - 0x000007fefdc3b000 	C:\Windows\system32\ADVAPI32.dll
0x000007fefec30000 - 0x000007fefeccf000 	C:\Windows\system32\msvcrt.dll
0x000007feff850000 - 0x000007feff86f000 	C:\Windows\SYSTEM32\sechost.dll
0x000007fefda30000 - 0x000007fefdb5d000 	C:\Windows\system32\RPCRT4.dll
0x0000000077340000 - 0x000000007743a000 	C:\Windows\system32\USER32.dll
0x000007fefd6d0000 - 0x000007fefd737000 	C:\Windows\system32\GDI32.dll
0x000007fefee20000 - 0x000007fefee2e000 	C:\Windows\system32\LPK.dll
0x000007feff060000 - 0x000007feff129000 	C:\Windows\system32\USP10.dll
0x000007fefb860000 - 0x000007fefba54000 	C:\Windows\WinSxS\amd64_microsoft.windows.common-controls_6595b64144ccf1df_6.0.7601.17514_none_fa396087175ac9ac\COMCTL32.dll
0x000007fefed50000 - 0x000007fefedc1000 	C:\Windows\system32\SHLWAPI.dll
0x000007feff4d0000 - 0x000007feff4fe000 	C:\Windows\system32\IMM32.DLL
0x000007feff1d0000 - 0x000007feff2d9000 	C:\Windows\system32\MSCTF.dll
0x000007fefd250000 - 0x000007fefd280000 	C:\Windows\system32\nvinitx.dll
0x000007fefd240000 - 0x000007fefd24c000 	C:\Windows\system32\VERSION.dll
0x0000000074f00000 - 0x0000000074f06000 	C:\Program Files\NVIDIA Corporation\CoProcManager\detoured.dll
0x000007fefad50000 - 0x000007fefad88000 	C:\Program Files\NVIDIA Corporation\CoProcManager\nvd3d9wrapx.dll
0x000007feff2f0000 - 0x000007feff4c7000 	C:\Windows\system32\SETUPAPI.dll
0x000007fefd3a0000 - 0x000007fefd3d6000 	C:\Windows\system32\CFGMGR32.dll
0x000007fefd950000 - 0x000007fefda27000 	C:\Windows\system32\OLEAUT32.dll
0x000007fefd740000 - 0x000007fefd943000 	C:\Windows\system32\ole32.dll
0x000007fefd4d0000 - 0x000007fefd4ea000 	C:\Windows\system32\DEVOBJ.dll
0x000007fefad10000 - 0x000007fefad34000 	C:\Program Files\NVIDIA Corporation\CoProcManager\nvdxgiwrapx.dll
0x0000000063350000 - 0x0000000063422000 	C:\Program Files\Java\jdk1.8.0_181\jre\bin\msvcr100.dll
0x0000000061ef0000 - 0x0000000062792000 	C:\Program Files\Java\jdk1.8.0_181\jre\bin\server\jvm.dll
0x000007feed810000 - 0x000007feed819000 	C:\Windows\system32\WSOCK32.dll
0x000007fefedd0000 - 0x000007fefee1d000 	C:\Windows\system32\WS2_32.dll
0x000007feff2e0000 - 0x000007feff2e8000 	C:\Windows\system32\NSI.dll
0x000007fefa790000 - 0x000007fefa7cb000 	C:\Windows\system32\WINMM.dll
0x0000000077730000 - 0x0000000077737000 	C:\Windows\system32\PSAPI.DLL
0x0000000074230000 - 0x000000007423f000 	C:\Program Files\Java\jdk1.8.0_181\jre\bin\verify.dll
0x0000000064600000 - 0x0000000064629000 	C:\Program Files\Java\jdk1.8.0_181\jre\bin\java.dll
0x00000000645c0000 - 0x00000000645e3000 	C:\Program Files\Java\jdk1.8.0_181\jre\bin\instrument.dll
0x00000000646d0000 - 0x00000000646e6000 	C:\Program Files\Java\jdk1.8.0_181\jre\bin\zip.dll
0x000007fefdea0000 - 0x000007fefec28000 	C:\Windows\system32\SHELL32.dll
0x000007fefd320000 - 0x000007fefd32f000 	C:\Windows\system32\profapi.dll
0x000007fecf030000 - 0x000007fecf04a000 	E:\LHtools\IntelliJ IDEA 2019.3.3\bin\breakgen64.dll
0x0000000070c10000 - 0x0000000070c2a000 	C:\Program Files\Java\jdk1.8.0_181\jre\bin\net.dll
0x000007fefcb30000 - 0x000007fefcb85000 	C:\Windows\system32\mswsock.dll
0x000007fefcb20000 - 0x000007fefcb27000 	C:\Windows\System32\wship6.dll

VM Arguments:
jvm_args: -XX:TieredStopAtLevel=1 -Xverify:none -Dspring.output.ansi.enabled=always -Dcom.sun.management.jmxremote -Dspring.jmx.enabled=true -Dspring.liveBeansView.mbeanDomain -Dspring.application.admin.enabled=true -javaagent:E:\LHtools\IntelliJ IDEA 2019.3.3\lib\idea_rt.jar=59585:E:\LHtools\IntelliJ IDEA 2019.3.3\bin -Dfile.encoding=UTF-8 
java_command: com.example.Demo2Application
java_class_path (initial): C:\Program Files\Java\jdk1.8.0_181\jre\lib\charsets.jar;C:\Program Files\Java\jdk1.8.0_181\jre\lib\deploy.jar;C:\Program Files\Java\jdk1.8.0_181\jre\lib\ext\access-bridge-64.jar;C:\Program Files\Java\jdk1.8.0_181\jre\lib\ext\cldrdata.jar;C:\Program Files\Java\jdk1.8.0_181\jre\lib\ext\dnsns.jar;C:\Program Files\Java\jdk1.8.0_181\jre\lib\ext\jaccess.jar;C:\Program Files\Java\jdk1.8.0_181\jre\lib\ext\jfxrt.jar;C:\Program Files\Java\jdk1.8.0_181\jre\lib\ext\localedata.jar;C:\Program Files\Java\jdk1.8.0_181\jre\lib\ext\nashorn.jar;C:\Program Files\Java\jdk1.8.0_181\jre\lib\ext\sunec.jar;C:\Program Files\Java\jdk1.8.0_181\jre\lib\ext\sunjce_provider.jar;C:\Program Files\Java\jdk1.8.0_181\jre\lib\ext\sunmscapi.jar;C:\Program Files\Java\jdk1.8.0_181\jre\lib\ext\sunpkcs11.jar;C:\Program Files\Java\jdk1.8.0_181\jre\lib\ext\zipfs.jar;C:\Program Files\Java\jdk1.8.0_181\jre\lib\javaws.jar;C:\Program Files\Java\jdk1.8.0_181\jre\lib\jce.jar;C:\Program Files\Java\jdk1.8.0_181\jre\lib\jfr.jar;C:\Program Files\Java\jdk1.8.0_181\jre\lib\jfxswt.jar;C:\Program Files\Java\jdk1.8.0_181\jre\lib\jsse.jar;C:\Program Files\Java\jdk1.8.0_181\jre\lib\management-agent.jar;C:\Program Files\Java\jdk1.8.0_181\jre\lib\plugin.jar;C:\Program Files\Java\jdk1.8.0_181\jre\lib\resources.jar;C:\Program Files\Java\jdk1.8.0_181\jre\lib\rt.jar;C:\Users\Administrator\Desktop\lostandfound\demo2\target\classes;E:\LHtools\apache-maven-3.6.3-bin\apache-maven-3.6.3\respository\org\springframework\boot\spring-boot-starter-data-jdbc\2.2.4.RELEASE\spring-boot-starter-data-jdbc-2.2.4.RELEASE.jar;E:\LHtools\apache-maven-3.6.3-bin\apache-maven-3.6.3\respository\org\springframework\boot\spring-boot-starter-jdbc\2.2.4.RELEASE\spring-boot-starter-jdbc-2.2.4.RELEASE.jar;E:\LHtools\apache-maven-3.6.3-bin\apache-maven-3.6.3\respository\com\zaxxer\HikariCP\3.4.2\HikariCP-3.4.2.jar;E:\LHtools\apache-maven-3.6.3-bin\apache-maven-3.6.3\respository\org\springframework\spring-jdbc\5.2.3.RELEASE\spring-jd
Launcher Type: SUN_STANDARD

Environment Variables:
JAVA_HOME=C:\Program Files\Java\jdk1.8.0_181
CLASSPATH=,;C:\Program Files\Java\jdk1.8.0_181\lib
PATH=C:\Program Files\Java\jdk1.8.0_181\bin;C:\Windows\system32;C:\Windows;C:\Windows\System32\Wbem;C:\Windows\System32\WindowsPowerShell\v1.0\;E:\LHtools\nodejs\;E:\LHtools\Git\cmd;C:\Program Files (x86)\GitExtensions\;E:\LHtools\apache-maven-3.6.3-bin\apache-maven-3.6.3\bin;C:\Users\Administrator\AppData\Roaming\npm
USERNAME=Administrator
OS=Windows_NT
PROCESSOR_IDENTIFIER=Intel64 Family 6 Model 61 Stepping 4, GenuineIntel



---------------  S Y S T E M  ---------------

OS: Windows 7 , 64 bit Build 7601 (6.1.7601.18409)

CPU:total 4 (initial active 4) (2 cores per cpu, 2 threads per core) family 6 model 61 stepping 4, cmov, cx8, fxsr, mmx, sse, sse2, sse3, ssse3, sse4.1, sse4.2, popcnt, avx, avx2, aes, clmul, erms, 3dnowpref, lzcnt, ht, tsc, tscinvbit, bmi1, bmi2, adx

Memory: 4k page, physical 8296976k(1131948k free), swap 8295112k(5048k free)

vm_info: Java HotSpot(TM) 64-Bit Server VM (25.181-b13) for windows-amd64 JRE (1.8.0_181-b13), built on Jul  7 2018 04:01:33 by "java_re" with MS VC++ 10.0 (VS2010)

time: Wed Feb 26 22:56:50 2020
elapsed time: 0 seconds (0d 0h 0m 0s)

